<?xml version="1.0" encoding="UTF-8"?>
<!-- Generated by org.testng.reporters.JUnitReportReporter -->
<testsuite hostname="BISWAJIT2000" failures="0" tests="1" name="com.biswajit.Tests.Test1" time="25.783" errors="0" timestamp="2023-03-18T15:08:05 IST" skipped="0">
  <testcase classname="com.biswajit.Tests.Test1" name="Amazon" time="25.783"/>
  <system-out/>
</testsuite> <!-- com.biswajit.Tests.Test1 -->
